{"name": "test_steps_demo[allure]", "status": "broken", "statusDetails": {"message": "selenium.common.exceptions.WebDriverException: Message: Service C:\\Program Files (x86)\\Google\\Chrome\\Application\\chrome.exe unexpectedly exited. Status code was: 0", "trace": "test_data1 = 'allure'\n\n    @allure.testcase(\"http://www.github.com\")\n    @allure.feature(\"百度搜索\")\n    @pytest.mark.parametrize('test_data1', ['allure', 'pytest', 'unittest'])\n    def test_steps_demo(test_data1):\n    \n        with allure.step(\"打开百度网页\"):\n>           driver = webdriver.Chrome(\"C:\\\\Program Files (x86)\\\\Google\\\\Chrome\\\\Application\\\\chrome.exe\")\n\ntest_baidudemo.py:15: \n_ _ _ _ _ _ _ _ _ _ _ _ _ _ _ _ _ _ _ _ _ _ _ _ _ _ _ _ _ _ _ _ _ _ _ _ _ _ _ _\n..\\venv\\lib\\site-packages\\selenium\\webdriver\\chrome\\webdriver.py:73: in __init__\n    self.service.start()\n..\\venv\\lib\\site-packages\\selenium\\webdriver\\common\\service.py:98: in start\n    self.assert_process_still_running()\n_ _ _ _ _ _ _ _ _ _ _ _ _ _ _ _ _ _ _ _ _ _ _ _ _ _ _ _ _ _ _ _ _ _ _ _ _ _ _ _\n\nself = <selenium.webdriver.chrome.service.Service object at 0x03971E98>\n\n    def assert_process_still_running(self):\n        return_code = self.process.poll()\n        if return_code is not None:\n>           raise WebDriverException(\n                'Service %s unexpectedly exited. Status code was: %s'\n                % (self.path, return_code)\n            )\nE           selenium.common.exceptions.WebDriverException: Message: Service C:\\Program Files (x86)\\Google\\Chrome\\Application\\chrome.exe unexpectedly exited. Status code was: 0\n\n..\\venv\\lib\\site-packages\\selenium\\webdriver\\common\\service.py:109: WebDriverException"}, "steps": [{"name": "打开百度网页", "status": "broken", "statusDetails": {"message": "selenium.common.exceptions.WebDriverException: Message: Service C:\\Program Files (x86)\\Google\\Chrome\\Application\\chrome.exe unexpectedly exited. Status code was: 0\n\n", "trace": "  File \"E:\\MyprojectHogwarts\\xueqiuTest\\test_baidudemo.py\", line 15, in test_steps_demo\n    driver = webdriver.Chrome(\"C:\\\\Program Files (x86)\\\\Google\\\\Chrome\\\\Application\\\\chrome.exe\")\n  File \"E:\\MyprojectHogwarts\\venv\\lib\\site-packages\\selenium\\webdriver\\chrome\\webdriver.py\", line 73, in __init__\n    self.service.start()\n  File \"E:\\MyprojectHogwarts\\venv\\lib\\site-packages\\selenium\\webdriver\\common\\service.py\", line 98, in start\n    self.assert_process_still_running()\n  File \"E:\\MyprojectHogwarts\\venv\\lib\\site-packages\\selenium\\webdriver\\common\\service.py\", line 109, in assert_process_still_running\n    raise WebDriverException(\n"}, "start": 1585393324000, "stop": 1585393327040}], "parameters": [{"name": "test_data1", "value": "'allure'"}], "start": 1585393324000, "stop": 1585393327041, "uuid": "4581e2f8-45f3-40b6-a86e-9a9b36a404bb", "historyId": "77446bc5c35b2e2394141393a0922721", "testCaseId": "c1bd71ed6b29aa553aa5af4cbca54344", "fullName": "test_baidudemo#test_steps_demo", "labels": [{"name": "feature", "value": "百度搜索"}, {"name": "suite", "value": "test_baidudemo"}, {"name": "host", "value": "0VNWXYPDDWPDJZA"}, {"name": "thread", "value": "6980-MainThread"}, {"name": "framework", "value": "pytest"}, {"name": "language", "value": "cpython3"}, {"name": "package", "value": "test_baidudemo"}], "links": [{"type": "test_case", "url": "http://www.github.com", "name": "http://www.github.com"}]}